caique @ 1760035277.604245
joo @ 1760035281.6398451
jana @ 1760035285.6655777
xana @ 1760035286.0424473
caique @ 1760035375.4784992
joo @ 1760035385.5609014
xana @ 1760035388.0299697
joo @ 1760035947.7009573
caique @ 1760035957.7516818
caique @ 1760036020.8140578
joo @ 1760036030.908622
caique @ 1760036141.4834774
joo @ 1760036151.496401
caique @ 1760036938.392393
joo @ 1760036948.4945254
caique @ 1760036969.8876595
joo @ 1760036979.9802005
caique @ 1760037072.8504057
caique @ 1760037674.5450337
joo @ 1760037677.8212352
caique @ 1760037974.5677044
caique @ 1760039141.704862
joo @ 1760039144.4395983
guilherme @ 1760039166.2828076
caique @ 1760039290.8269792
caique @ 1760039322.1575851
joo @ 1760039330.2331383
guilherme @ 1760039342.2740378
caique @ 1760039400.9174182
joo @ 1760039408.9270475
guilherme @ 1760039417.009812
caique @ 1760039439.8085628
caique @ 1760039976.4137523
xana @ 1760039980.4297082
caique @ 1760040022.3110263
xana @ 1760040026.315496
guilherme @ 1760040030.3861475
caique @ 1760055653.7816188
caique @ 1760055662.4451854
xana @ 1760055665.2661746
guilherme @ 1760055767.729745
